<?xml version="1.0" encoding="UTF-8"?>
<TestRun id="64617c0a-da17-41a4-b303-bbf3eee7dc95" name="Admin@ADMIN-PC 2013-01-22 23:58:48" runUser="Admin-PC\Admin" xmlns="http://microsoft.com/schemas/VisualStudio/TeamTest/2010">
  <TestSettings name="Local" id="615e9dae-ad29-4af0-995d-62fcba7df938">
    <Description>These are default test settings for a local test run.</Description>
    <Deployment runDeploymentRoot="Admin_ADMIN-PC 2013-01-22 23_58_48">
      <DeploymentItem filename="C:\Users\Admin\Documents\Visual Studio 2010\Projects\StegApp\StegApp\bin\Release\WindowsFormsApplication4.exe" />
    </Deployment>
    <Execution>
      <TestTypeSpecific>
        <UnitTestRunConfig testTypeId="13cdc9d9-ddb5-4fa4-a97d-d965ccfc6d4b">
          <AssemblyResolution>
            <TestDirectory useLoadContext="true" />
          </AssemblyResolution>
        </UnitTestRunConfig>
        <WebTestRunConfiguration testTypeId="4e7599fa-5ecb-43e9-a887-cd63cf72d207">
          <Browser name="Internet Explorer 7.0">
            <Headers>
              <Header name="User-Agent" value="Mozilla/4.0 (compatible; MSIE 7.0; Windows NT 5.1)" />
              <Header name="Accept" value="*/*" />
              <Header name="Accept-Language" value="{{$IEAcceptLanguage}}" />
              <Header name="Accept-Encoding" value="GZIP" />
            </Headers>
          </Browser>
        </WebTestRunConfiguration>
      </TestTypeSpecific>
      <AgentRule name="LocalMachineDefaultRole">
        <DataCollectors>
          <DataCollector uri="datacollector://microsoft/CodeCoverage/1.0" assemblyQualifiedName="Microsoft.VisualStudio.TestTools.CodeCoverage.CoveragePlugIn, Microsoft.VisualStudio.QualityTools.Plugins.CodeCoverage, Version=10.0.0.0, Culture=neutral, PublicKeyToken=b03f5f7f11d50a3a" friendlyName="Code Coverage">
            <Configuration>
              <CodeCoverage xmlns="">
                <Regular>
                  <CodeCoverageItem binaryFile="C:\Users\Admin\Documents\Visual Studio 2010\Projects\StegApp\StegApp\StegAppTest\bin\Release\StegAppTest.dll" pdbFile="C:\Users\Admin\Documents\Visual Studio 2010\Projects\StegApp\StegApp\StegAppTest\bin\Release\StegAppTest.instr.pdb" instrumentInPlace="true" />
                  <CodeCoverageItem binaryFile="C:\Users\Admin\Documents\Visual Studio 2010\Projects\StegApp\StegApp\bin\Release\WindowsFormsApplication4.exe" pdbFile="C:\Users\Admin\Documents\Visual Studio 2010\Projects\StegApp\StegApp\bin\Release\WindowsFormsApplication4.instr.pdb" instrumentInPlace="true" />
                </Regular>
              </CodeCoverage>
            </Configuration>
          </DataCollector>
        </DataCollectors>
      </AgentRule>
    </Execution>
  </TestSettings>
  <Times creation="2013-01-22T23:58:48.6850000+00:00" queuing="2013-01-22T23:58:52.9720000+00:00" start="2013-01-22T23:58:53.1550000+00:00" finish="2013-01-22T23:59:07.0520000+00:00" />
  <ResultSummary outcome="Failed">
    <Counters total="1" executed="1" error="0" failed="1" timeout="0" aborted="0" inconclusive="0" passedButRunAborted="0" notRunnable="0" notExecuted="0" disconnected="0" warning="0" passed="0" completed="0" inProgress="0" pending="0" />
    <ResultFiles>
      <ResultFile path="ADMIN-PC\data.coverage" />
    </ResultFiles>
  </ResultSummary>
  <TestDefinitions>
    <UnitTest name="SaveImageFnTest1" storage="c:\users\admin\documents\visual studio 2010\projects\stegapp\stegapp\stegapptest\bin\release\stegapptest.dll" id="36eb2f63-0f5e-ee6b-152f-2c25b1c4c4d3">
      <Execution id="26dafdf6-25dc-46e8-bbe9-bbaccd7a11c8" />
      <TestMethod codeBase="C:/Users/Admin/Documents/Visual Studio 2010/Projects/StegApp/StegApp/StegAppTest/bin/Release/StegAppTest.DLL" adapterTypeName="Microsoft.VisualStudio.TestTools.TestTypes.Unit.UnitTestAdapter, Microsoft.VisualStudio.QualityTools.Tips.UnitTest.Adapter, Version=10.0.0.0, Culture=neutral, PublicKeyToken=b03f5f7f11d50a3a" className="StegAppTest.StegAppTest, StegAppTest, Version=1.0.0.0, Culture=neutral, PublicKeyToken=null" name="SaveImageFnTest1" />
    </UnitTest>
  </TestDefinitions>
  <TestLists>
    <TestList name="Results Not in a List" id="8c84fa94-04c1-424b-9868-57a2d4851a1d" />
    <TestList name="All Loaded Results" id="19431567-8539-422a-85d7-44ee4e166bda" />
  </TestLists>
  <TestEntries>
    <TestEntry testId="36eb2f63-0f5e-ee6b-152f-2c25b1c4c4d3" executionId="26dafdf6-25dc-46e8-bbe9-bbaccd7a11c8" testListId="8c84fa94-04c1-424b-9868-57a2d4851a1d" />
  </TestEntries>
  <Results>
    <UnitTestResult executionId="26dafdf6-25dc-46e8-bbe9-bbaccd7a11c8" testId="36eb2f63-0f5e-ee6b-152f-2c25b1c4c4d3" testName="SaveImageFnTest1" computerName="ADMIN-PC" duration="00:00:07.4206216" startTime="2013-01-22T23:58:55.8760000+00:00" endTime="2013-01-22T23:59:03.8920000+00:00" testType="13cdc9d9-ddb5-4fa4-a97d-d965ccfc6d4b" outcome="Failed" testListId="8c84fa94-04c1-424b-9868-57a2d4851a1d" relativeResultsDirectory="26dafdf6-25dc-46e8-bbe9-bbaccd7a11c8">
      <Output>
        <ErrorInfo>
          <Message>Test method StegAppTest.StegAppTest.SaveImageFnTest1 threw exception: 
System.FormatException: Input string was not in a correct format.</Message>
          <StackTrace>    at System.Number.StringToNumber(String str, NumberStyles options, NumberBuffer&amp; number, NumberFormatInfo info, Boolean parseDecimal)
   at System.Number.ParseInt32(String s, NumberStyles style, NumberFormatInfo info)
   at System.Convert.ToInt32(String value)
   at WindowsFormsApplication4.StegApp.SaveImageFn(String uname, String pword) in C:\Users\Admin\Documents\Visual Studio 2010\Projects\StegApp\StegApp\StegApp.cs:line 968
   at StegAppTest.StegAppTest.SaveImageFnTest1() in C:\Users\Admin\Documents\Visual Studio 2010\Projects\StegApp\StegApp\StegAppTest\StegAppTest.cs:line 590
</StackTrace>
        </ErrorInfo>
      </Output>
    </UnitTestResult>
  </Results>
</TestRun>