<?xml version="1.0" encoding="UTF-8"?>
<TestRun id="2d5bb168-4ccb-44a7-aed8-2abf00ef81f8" name="Admin@ADMIN-PC 2013-01-23 00:17:44" runUser="Admin-PC\Admin" xmlns="http://microsoft.com/schemas/VisualStudio/TeamTest/2010">
  <TestSettings name="Local" id="615e9dae-ad29-4af0-995d-62fcba7df938">
    <Description>These are default test settings for a local test run.</Description>
    <Deployment runDeploymentRoot="Admin_ADMIN-PC 2013-01-23 00_17_44">
      <DeploymentItem filename="C:\Users\Admin\Documents\Visual Studio 2010\Projects\StegApp\StegApp\bin\Release\WindowsFormsApplication4.exe" />
    </Deployment>
    <Execution>
      <TestTypeSpecific>
        <UnitTestRunConfig testTypeId="13cdc9d9-ddb5-4fa4-a97d-d965ccfc6d4b">
          <AssemblyResolution>
            <TestDirectory useLoadContext="true" />
          </AssemblyResolution>
        </UnitTestRunConfig>
        <WebTestRunConfiguration testTypeId="4e7599fa-5ecb-43e9-a887-cd63cf72d207">
          <Browser name="Internet Explorer 7.0">
            <Headers>
              <Header name="User-Agent" value="Mozilla/4.0 (compatible; MSIE 7.0; Windows NT 5.1)" />
              <Header name="Accept" value="*/*" />
              <Header name="Accept-Language" value="{{$IEAcceptLanguage}}" />
              <Header name="Accept-Encoding" value="GZIP" />
            </Headers>
          </Browser>
        </WebTestRunConfiguration>
      </TestTypeSpecific>
      <AgentRule name="LocalMachineDefaultRole">
        <DataCollectors>
          <DataCollector uri="datacollector://microsoft/CodeCoverage/1.0" assemblyQualifiedName="Microsoft.VisualStudio.TestTools.CodeCoverage.CoveragePlugIn, Microsoft.VisualStudio.QualityTools.Plugins.CodeCoverage, Version=10.0.0.0, Culture=neutral, PublicKeyToken=b03f5f7f11d50a3a" friendlyName="Code Coverage">
            <Configuration>
              <CodeCoverage xmlns="">
                <Regular>
                  <CodeCoverageItem binaryFile="C:\Users\Admin\Documents\Visual Studio 2010\Projects\StegApp\StegApp\StegAppTest\bin\Release\StegAppTest.dll" pdbFile="C:\Users\Admin\Documents\Visual Studio 2010\Projects\StegApp\StegApp\StegAppTest\bin\Release\StegAppTest.instr.pdb" instrumentInPlace="true" />
                  <CodeCoverageItem binaryFile="C:\Users\Admin\Documents\Visual Studio 2010\Projects\StegApp\StegApp\bin\Release\WindowsFormsApplication4.exe" pdbFile="C:\Users\Admin\Documents\Visual Studio 2010\Projects\StegApp\StegApp\bin\Release\WindowsFormsApplication4.instr.pdb" instrumentInPlace="true" />
                </Regular>
              </CodeCoverage>
            </Configuration>
          </DataCollector>
        </DataCollectors>
      </AgentRule>
    </Execution>
  </TestSettings>
  <Times creation="2013-01-23T00:17:44.5990000+00:00" queuing="2013-01-23T00:17:52.4660000+00:00" start="2013-01-23T00:17:52.6000000+00:00" finish="2013-01-23T00:18:09.5930000+00:00" />
  <ResultSummary outcome="Completed">
    <Counters total="1" executed="1" passed="1" error="0" failed="0" timeout="0" aborted="0" inconclusive="0" passedButRunAborted="0" notRunnable="0" notExecuted="0" disconnected="0" warning="0" completed="0" inProgress="0" pending="0" />
    <ResultFiles>
      <ResultFile path="ADMIN-PC\data.coverage" />
    </ResultFiles>
  </ResultSummary>
  <TestDefinitions>
    <UnitTest name="SaveImageAndKeyFnTest2" storage="c:\users\admin\documents\visual studio 2010\projects\stegapp\stegapp\stegapptest\bin\release\stegapptest.dll" id="3f3507de-550d-82bf-f5ac-01c3cc1e3460">
      <Execution id="d160455d-74f5-4935-a7c2-91b1f2adae7f" />
      <TestMethod codeBase="C:/Users/Admin/Documents/Visual Studio 2010/Projects/StegApp/StegApp/StegAppTest/bin/Release/StegAppTest.DLL" adapterTypeName="Microsoft.VisualStudio.TestTools.TestTypes.Unit.UnitTestAdapter, Microsoft.VisualStudio.QualityTools.Tips.UnitTest.Adapter, Version=10.0.0.0, Culture=neutral, PublicKeyToken=b03f5f7f11d50a3a" className="StegAppTest.StegAppTest, StegAppTest, Version=1.0.0.0, Culture=neutral, PublicKeyToken=null" name="SaveImageAndKeyFnTest2" />
    </UnitTest>
  </TestDefinitions>
  <TestLists>
    <TestList name="Results Not in a List" id="8c84fa94-04c1-424b-9868-57a2d4851a1d" />
    <TestList name="All Loaded Results" id="19431567-8539-422a-85d7-44ee4e166bda" />
  </TestLists>
  <TestEntries>
    <TestEntry testId="3f3507de-550d-82bf-f5ac-01c3cc1e3460" executionId="d160455d-74f5-4935-a7c2-91b1f2adae7f" testListId="8c84fa94-04c1-424b-9868-57a2d4851a1d" />
  </TestEntries>
  <Results>
    <UnitTestResult executionId="d160455d-74f5-4935-a7c2-91b1f2adae7f" testId="3f3507de-550d-82bf-f5ac-01c3cc1e3460" testName="SaveImageAndKeyFnTest2" computerName="ADMIN-PC" duration="00:00:09.7418357" startTime="2013-01-23T00:17:55.4590000+00:00" endTime="2013-01-23T00:18:05.8470000+00:00" testType="13cdc9d9-ddb5-4fa4-a97d-d965ccfc6d4b" outcome="Passed" testListId="8c84fa94-04c1-424b-9868-57a2d4851a1d" relativeResultsDirectory="d160455d-74f5-4935-a7c2-91b1f2adae7f">
    </UnitTestResult>
  </Results>
</TestRun>