<?xml version="1.0" encoding="UTF-8"?>
<TestRun id="54271d99-14fb-4f1a-b3c7-a8519d793c74" name="Admin@ADMIN-PC 2013-01-23 00:09:57" runUser="Admin-PC\Admin" xmlns="http://microsoft.com/schemas/VisualStudio/TeamTest/2010">
  <TestSettings name="Local" id="615e9dae-ad29-4af0-995d-62fcba7df938">
    <Description>These are default test settings for a local test run.</Description>
    <Deployment runDeploymentRoot="Admin_ADMIN-PC 2013-01-23 00_09_57">
      <DeploymentItem filename="C:\Users\Admin\Documents\Visual Studio 2010\Projects\StegApp\StegApp\bin\Release\WindowsFormsApplication4.exe" />
    </Deployment>
    <Execution>
      <TestTypeSpecific>
        <UnitTestRunConfig testTypeId="13cdc9d9-ddb5-4fa4-a97d-d965ccfc6d4b">
          <AssemblyResolution>
            <TestDirectory useLoadContext="true" />
          </AssemblyResolution>
        </UnitTestRunConfig>
        <WebTestRunConfiguration testTypeId="4e7599fa-5ecb-43e9-a887-cd63cf72d207">
          <Browser name="Internet Explorer 7.0">
            <Headers>
              <Header name="User-Agent" value="Mozilla/4.0 (compatible; MSIE 7.0; Windows NT 5.1)" />
              <Header name="Accept" value="*/*" />
              <Header name="Accept-Language" value="{{$IEAcceptLanguage}}" />
              <Header name="Accept-Encoding" value="GZIP" />
            </Headers>
          </Browser>
        </WebTestRunConfiguration>
      </TestTypeSpecific>
      <AgentRule name="LocalMachineDefaultRole">
        <DataCollectors>
          <DataCollector uri="datacollector://microsoft/CodeCoverage/1.0" assemblyQualifiedName="Microsoft.VisualStudio.TestTools.CodeCoverage.CoveragePlugIn, Microsoft.VisualStudio.QualityTools.Plugins.CodeCoverage, Version=10.0.0.0, Culture=neutral, PublicKeyToken=b03f5f7f11d50a3a" friendlyName="Code Coverage">
            <Configuration>
              <CodeCoverage xmlns="">
                <Regular>
                  <CodeCoverageItem binaryFile="C:\Users\Admin\Documents\Visual Studio 2010\Projects\StegApp\StegApp\StegAppTest\bin\Release\StegAppTest.dll" pdbFile="C:\Users\Admin\Documents\Visual Studio 2010\Projects\StegApp\StegApp\StegAppTest\bin\Release\StegAppTest.instr.pdb" instrumentInPlace="true" />
                  <CodeCoverageItem binaryFile="C:\Users\Admin\Documents\Visual Studio 2010\Projects\StegApp\StegApp\bin\Release\WindowsFormsApplication4.exe" pdbFile="C:\Users\Admin\Documents\Visual Studio 2010\Projects\StegApp\StegApp\bin\Release\WindowsFormsApplication4.instr.pdb" instrumentInPlace="true" />
                </Regular>
              </CodeCoverage>
            </Configuration>
          </DataCollector>
        </DataCollectors>
      </AgentRule>
    </Execution>
  </TestSettings>
  <Times creation="2013-01-23T00:09:57.0310000+00:00" queuing="2013-01-23T00:10:07.5710000+00:00" start="2013-01-23T00:10:08.0210000+00:00" finish="2013-01-23T00:10:32.0180000+00:00" />
  <ResultSummary outcome="Completed">
    <Counters total="1" executed="1" passed="1" error="0" failed="0" timeout="0" aborted="0" inconclusive="0" passedButRunAborted="0" notRunnable="0" notExecuted="0" disconnected="0" warning="0" completed="0" inProgress="0" pending="0" />
    <ResultFiles>
      <ResultFile path="ADMIN-PC\data.coverage" />
    </ResultFiles>
  </ResultSummary>
  <TestDefinitions>
    <UnitTest name="SaveImageFnTest2" storage="c:\users\admin\documents\visual studio 2010\projects\stegapp\stegapp\stegapptest\bin\release\stegapptest.dll" id="0e8d7da5-5de7-ece9-652c-94d4c85f0e01">
      <Execution id="8610bec2-9a0a-4e12-8864-91bcf58a0186" />
      <TestMethod codeBase="C:/Users/Admin/Documents/Visual Studio 2010/Projects/StegApp/StegApp/StegAppTest/bin/Release/StegAppTest.DLL" adapterTypeName="Microsoft.VisualStudio.TestTools.TestTypes.Unit.UnitTestAdapter, Microsoft.VisualStudio.QualityTools.Tips.UnitTest.Adapter, Version=10.0.0.0, Culture=neutral, PublicKeyToken=b03f5f7f11d50a3a" className="StegAppTest.StegAppTest, StegAppTest, Version=1.0.0.0, Culture=neutral, PublicKeyToken=null" name="SaveImageFnTest2" />
    </UnitTest>
  </TestDefinitions>
  <TestLists>
    <TestList name="Results Not in a List" id="8c84fa94-04c1-424b-9868-57a2d4851a1d" />
    <TestList name="All Loaded Results" id="19431567-8539-422a-85d7-44ee4e166bda" />
  </TestLists>
  <TestEntries>
    <TestEntry testId="0e8d7da5-5de7-ece9-652c-94d4c85f0e01" executionId="8610bec2-9a0a-4e12-8864-91bcf58a0186" testListId="8c84fa94-04c1-424b-9868-57a2d4851a1d" />
  </TestEntries>
  <Results>
    <UnitTestResult executionId="8610bec2-9a0a-4e12-8864-91bcf58a0186" testId="0e8d7da5-5de7-ece9-652c-94d4c85f0e01" testName="SaveImageFnTest2" computerName="ADMIN-PC" duration="00:00:13.8566014" startTime="2013-01-23T00:10:13.6430000+00:00" endTime="2013-01-23T00:10:28.9010000+00:00" testType="13cdc9d9-ddb5-4fa4-a97d-d965ccfc6d4b" outcome="Passed" testListId="8c84fa94-04c1-424b-9868-57a2d4851a1d" relativeResultsDirectory="8610bec2-9a0a-4e12-8864-91bcf58a0186">
    </UnitTestResult>
  </Results>
</TestRun>